{"/Users/sandeepranjit/Project/VybeNetwork/frontend/vybe-frontend/src/App.tsx": {"path":"/Users/sandeepranjit/Project/VybeNetwork/frontend/vybe-frontend/src/App.tsx","statementMap":{"0":{"start":{"line":64,"column":0},"end":{"line":64,"column":15}},"1":{"start":{"line":2,"column":7},"end":{"line":2,"column":null}},"2":{"start":{"line":3,"column":18},"end":{"line":3,"column":null}},"3":{"start":{"line":4,"column":21},"end":{"line":4,"column":null}},"4":{"start":{"line":13,"column":6},"end":{"line":13,"column":null}},"5":{"start":{"line":14,"column":2},"end":{"line":57,"column":null}},"6":{"start":{"line":64,"column":15},"end":{"line":64,"column":null}}},"fnMap":{"0":{"name":"App","decl":{"start":{"line":8,"column":9},"end":{"line":8,"column":null}},"loc":{"start":{"line":8,"column":9},"end":{"line":62,"column":null}}}},"branchMap":{"0":{"loc":{"start":{"line":17,"column":7},"end":{"line":32,"column":null}},"type":"binary-expr","locations":[{"start":{"line":17,"column":7},"end":{"line":17,"column":null}},{"start":{"line":18,"column":6},"end":{"line":32,"column":null}}]},"1":{"loc":{"start":{"line":32,"column":8},"end":{"line":44,"column":null}},"type":"binary-expr","locations":[{"start":{"line":32,"column":8},"end":{"line":32,"column":null}},{"start":{"line":33,"column":6},"end":{"line":44,"column":null}}]},"2":{"loc":{"start":{"line":44,"column":9},"end":{"line":57,"column":7}},"type":"binary-expr","locations":[{"start":{"line":44,"column":9},"end":{"line":44,"column":null}},{"start":{"line":45,"column":7},"end":{"line":57,"column":7}}]}},"s":{"0":5,"1":1,"2":1,"3":1,"4":5,"5":5,"6":1},"f":{"0":5},"b":{"0":[5,5],"1":[5,5],"2":[5,5]}}
,"/Users/sandeepranjit/Project/VybeNetwork/frontend/vybe-frontend/src/main.tsx": {"path":"/Users/sandeepranjit/Project/VybeNetwork/frontend/vybe-frontend/src/main.tsx","statementMap":{"0":{"start":{"line":6,"column":0},"end":{"line":8,"column":null}}},"fnMap":{},"branchMap":{},"s":{"0":0},"f":{},"b":{}}
,"/Users/sandeepranjit/Project/VybeNetwork/frontend/vybe-frontend/src/useApp.ts": {"path":"/Users/sandeepranjit/Project/VybeNetwork/frontend/vybe-frontend/src/useApp.ts","statementMap":{"0":{"start":{"line":4,"column":22},"end":{"line":117,"column":1}},"1":{"start":{"line":5,"column":38},"end":{"line":5,"column":null}},"2":{"start":{"line":6,"column":48},"end":{"line":6,"column":null}},"3":{"start":{"line":7,"column":36},"end":{"line":7,"column":null}},"4":{"start":{"line":8,"column":44},"end":{"line":8,"column":null}},"5":{"start":{"line":10,"column":21},"end":{"line":10,"column":null}},"6":{"start":{"line":11,"column":4},"end":{"line":30,"column":null}},"7":{"start":{"line":12,"column":29},"end":{"line":28,"column":null}},"8":{"start":{"line":13,"column":23},"end":{"line":19,"column":null}},"9":{"start":{"line":19,"column":21},"end":{"line":19,"column":null}},"10":{"start":{"line":22,"column":57},"end":{"line":23,"column":null}},"11":{"start":{"line":25,"column":8},"end":{"line":25,"column":null}},"12":{"start":{"line":26,"column":8},"end":{"line":26,"column":null}},"13":{"start":{"line":27,"column":8},"end":{"line":27,"column":null}},"14":{"start":{"line":29,"column":9},"end":{"line":29,"column":null}},"15":{"start":{"line":32,"column":33},"end":{"line":54,"column":null}},"16":{"start":{"line":33,"column":6},"end":{"line":53,"column":null}},"17":{"start":{"line":34,"column":45},"end":{"line":34,"column":null}},"18":{"start":{"line":40,"column":47},"end":{"line":40,"column":null}},"19":{"start":{"line":55,"column":27},"end":{"line":93,"column":null}},"20":{"start":{"line":56,"column":6},"end":{"line":92,"column":null}},"21":{"start":{"line":59,"column":48},"end":{"line":59,"column":null}},"22":{"start":{"line":87,"column":53},"end":{"line":87,"column":null}},"23":{"start":{"line":94,"column":31},"end":{"line":111,"column":null}},"24":{"start":{"line":95,"column":6},"end":{"line":110,"column":null}},"25":{"start":{"line":101,"column":50},"end":{"line":101,"column":null}},"26":{"start":{"line":107,"column":44},"end":{"line":107,"column":null}},"27":{"start":{"line":112,"column":4},"end":{"line":116,"column":null}}},"fnMap":{"0":{"name":"(anonymous_0)","decl":{"start":{"line":4,"column":22},"end":{"line":4,"column":null}},"loc":{"start":{"line":4,"column":22},"end":{"line":117,"column":1}}},"1":{"name":"(anonymous_1)","decl":{"start":{"line":11,"column":14},"end":{"line":11,"column":null}},"loc":{"start":{"line":11,"column":14},"end":{"line":30,"column":6}}},"2":{"name":"(anonymous_2)","decl":{"start":{"line":12,"column":29},"end":{"line":12,"column":null}},"loc":{"start":{"line":12,"column":29},"end":{"line":28,"column":null}}},"3":{"name":"(anonymous_3)","decl":{"start":{"line":19,"column":14},"end":{"line":19,"column":15}},"loc":{"start":{"line":19,"column":21},"end":{"line":19,"column":null}}},"4":{"name":"(anonymous_4)","decl":{"start":{"line":32,"column":33},"end":{"line":32,"column":34}},"loc":{"start":{"line":32,"column":34},"end":{"line":54,"column":null}}},"5":{"name":"(anonymous_5)","decl":{"start":{"line":34,"column":39},"end":{"line":34,"column":45}},"loc":{"start":{"line":34,"column":45},"end":{"line":34,"column":null}}},"6":{"name":"(anonymous_6)","decl":{"start":{"line":40,"column":41},"end":{"line":40,"column":47}},"loc":{"start":{"line":40,"column":47},"end":{"line":40,"column":null}}},"7":{"name":"(anonymous_7)","decl":{"start":{"line":55,"column":27},"end":{"line":55,"column":28}},"loc":{"start":{"line":55,"column":28},"end":{"line":93,"column":null}}},"8":{"name":"(anonymous_8)","decl":{"start":{"line":59,"column":41},"end":{"line":59,"column":48}},"loc":{"start":{"line":59,"column":48},"end":{"line":59,"column":null}}},"9":{"name":"(anonymous_9)","decl":{"start":{"line":87,"column":47},"end":{"line":87,"column":53}},"loc":{"start":{"line":87,"column":53},"end":{"line":87,"column":null}}},"10":{"name":"(anonymous_10)","decl":{"start":{"line":94,"column":31},"end":{"line":94,"column":32}},"loc":{"start":{"line":94,"column":32},"end":{"line":111,"column":null}}},"11":{"name":"(anonymous_11)","decl":{"start":{"line":101,"column":44},"end":{"line":101,"column":50}},"loc":{"start":{"line":101,"column":50},"end":{"line":101,"column":null}}},"12":{"name":"(anonymous_12)","decl":{"start":{"line":107,"column":38},"end":{"line":107,"column":44}},"loc":{"start":{"line":107,"column":44},"end":{"line":107,"column":null}}}},"branchMap":{},"s":{"0":0,"1":0,"2":0,"3":0,"4":0,"5":0,"6":0,"7":0,"8":0,"9":0,"10":0,"11":0,"12":0,"13":0,"14":0,"15":0,"16":0,"17":0,"18":0,"19":0,"20":0,"21":0,"22":0,"23":0,"24":0,"25":0,"26":0,"27":0},"f":{"0":0,"1":0,"2":0,"3":0,"4":0,"5":0,"6":0,"7":0,"8":0,"9":0,"10":0,"11":0,"12":0},"b":{}}
}
