TN:
SF:src/App.tsx
FN:8,App
FNF:1
FNH:1
FNDA:5,App
DA:2,1
DA:3,1
DA:4,1
DA:13,5
DA:14,5
DA:64,5
LF:6
LH:6
BRDA:17,0,0,5
BRDA:17,0,1,5
BRDA:32,1,0,5
BRDA:32,1,1,5
BRDA:44,2,0,5
BRDA:44,2,1,5
BRF:6
BRH:6
end_of_record
TN:
SF:src/main.tsx
FNF:0
FNH:0
DA:6,0
LF:1
LH:0
BRF:0
BRH:0
end_of_record
TN:
SF:src/useApp.ts
FN:4,(anonymous_0)
FN:11,(anonymous_1)
FN:12,(anonymous_2)
FN:19,(anonymous_3)
FN:32,(anonymous_4)
FN:34,(anonymous_5)
FN:40,(anonymous_6)
FN:55,(anonymous_7)
FN:59,(anonymous_8)
FN:87,(anonymous_9)
FN:94,(anonymous_10)
FN:101,(anonymous_11)
FN:107,(anonymous_12)
FNF:13
FNH:0
FNDA:0,(anonymous_0)
FNDA:0,(anonymous_1)
FNDA:0,(anonymous_2)
FNDA:0,(anonymous_3)
FNDA:0,(anonymous_4)
FNDA:0,(anonymous_5)
FNDA:0,(anonymous_6)
FNDA:0,(anonymous_7)
FNDA:0,(anonymous_8)
FNDA:0,(anonymous_9)
FNDA:0,(anonymous_10)
FNDA:0,(anonymous_11)
FNDA:0,(anonymous_12)
DA:4,0
DA:5,0
DA:6,0
DA:7,0
DA:8,0
DA:10,0
DA:11,0
DA:12,0
DA:13,0
DA:19,0
DA:22,0
DA:25,0
DA:26,0
DA:27,0
DA:29,0
DA:32,0
DA:33,0
DA:34,0
DA:40,0
DA:55,0
DA:56,0
DA:59,0
DA:87,0
DA:94,0
DA:95,0
DA:101,0
DA:107,0
DA:112,0
LF:28
LH:0
BRF:0
BRH:0
end_of_record
